Timing Analyzer report for ex6
Thu Oct 31 17:56:48 2024
Version 6.0 Build 202 06/20/2006 Service Pack 1 SJ Full Version


---------------------
; Table of Contents ;
---------------------
  1. Legal Notice
  2. Timing Analyzer Summary
  3. Timing Analyzer Settings
  4. Clock Settings Summary
  5. Clock Setup: 'CLOCK'
  6. tsu
  7. tco
  8. th
  9. Timing Analyzer Messages



----------------
; Legal Notice ;
----------------
Copyright (C) 1991-2006 Altera Corporation
Your use of Altera Corporation's design tools, logic functions 
and other software and tools, and its AMPP partner logic 
functions, and any output files any of the foregoing 
(including device programming or simulation files), and any 
associated documentation or information are expressly subject 
to the terms and conditions of the Altera Program License 
Subscription Agreement, Altera MegaCore Function License 
Agreement, or other applicable license agreement, including, 
without limitation, that your use is for the sole purpose of 
programming logic devices manufactured by Altera and sold by 
Altera or its authorized distributors.  Please refer to the 
applicable agreement for further details.



+-----------------------------------------------------------------------------------------------------------------------------------------------------------------------------+
; Timing Analyzer Summary                                                                                                                                                     ;
+------------------------------+-------+---------------+------------------------------------------------+--------------+---------------+------------+----------+--------------+
; Type                         ; Slack ; Required Time ; Actual Time                                    ; From         ; To            ; From Clock ; To Clock ; Failed Paths ;
+------------------------------+-------+---------------+------------------------------------------------+--------------+---------------+------------+----------+--------------+
; Worst-case tsu               ; N/A   ; None          ; 1.100 ns                                       ; DI           ; 7474:inst|9   ; --         ; CLOCK    ; 0            ;
; Worst-case tco               ; N/A   ; None          ; 10.400 ns                                      ; 7474:inst|9  ; Q1            ; CLOCK      ; --       ; 0            ;
; Worst-case th                ; N/A   ; None          ; 0.800 ns                                       ; DI           ; 7474:inst|9   ; --         ; CLOCK    ; 0            ;
; Clock Setup: 'CLOCK'         ; N/A   ; None          ; Restricted to 200.00 MHz ( period = 5.000 ns ) ; 7474:inst3|9 ; 7474:inst3|10 ; CLOCK      ; CLOCK    ; 0            ;
; Total number of failed paths ;       ;               ;                                                ;              ;               ;            ;          ; 0            ;
+------------------------------+-------+---------------+------------------------------------------------+--------------+---------------+------------+----------+--------------+


+------------------------------------------------------------------------------------------------------+
; Timing Analyzer Settings                                                                             ;
+-------------------------------------------------------+--------------------+------+----+-------------+
; Option                                                ; Setting            ; From ; To ; Entity Name ;
+-------------------------------------------------------+--------------------+------+----+-------------+
; Device Name                                           ; EP1K10TC144-3      ;      ;    ;             ;
; Timing Models                                         ; Final              ;      ;    ;             ;
; Number of source nodes to report per destination node ; 10                 ;      ;    ;             ;
; Number of destination nodes to report                 ; 10                 ;      ;    ;             ;
; Number of paths to report                             ; 200                ;      ;    ;             ;
; Report Minimum Timing Checks                          ; Off                ;      ;    ;             ;
; Use Fast Timing Models                                ; Off                ;      ;    ;             ;
; Report IO Paths Separately                            ; Off                ;      ;    ;             ;
; Default hold multicycle                               ; Same As Multicycle ;      ;    ;             ;
; Cut paths between unrelated clock domains             ; On                 ;      ;    ;             ;
; Cut off read during write signal paths                ; On                 ;      ;    ;             ;
; Cut off feedback from I/O pins                        ; On                 ;      ;    ;             ;
; Report Combined Fast/Slow Timing                      ; Off                ;      ;    ;             ;
; Ignore Clock Settings                                 ; Off                ;      ;    ;             ;
; Analyze latches as synchronous elements               ; On                 ;      ;    ;             ;
; Enable Recovery/Removal analysis                      ; Off                ;      ;    ;             ;
; Enable Clock Latency                                  ; Off                ;      ;    ;             ;
; Use TimeQuest Timing Analyzer                         ; Off                ;      ;    ;             ;
+-------------------------------------------------------+--------------------+------+----+-------------+


+------------------------------------------------------------------------------------------------------------------------------------------------------------------------------------+
; Clock Settings Summary                                                                                                                                                             ;
+-----------------+--------------------+----------+------------------+---------------+--------------+----------+-----------------------+---------------------+--------+--------------+
; Clock Node Name ; Clock Setting Name ; Type     ; Fmax Requirement ; Early Latency ; Late Latency ; Based on ; Multiply Base Fmax by ; Divide Base Fmax by ; Offset ; Phase offset ;
+-----------------+--------------------+----------+------------------+---------------+--------------+----------+-----------------------+---------------------+--------+--------------+
; CLOCK           ;                    ; User Pin ; None             ; 0.000 ns      ; 0.000 ns     ; --       ; N/A                   ; N/A                 ; N/A    ;              ;
+-----------------+--------------------+----------+------------------+---------------+--------------+----------+-----------------------+---------------------+--------+--------------+


+---------------------------------------------------------------------------------------------------------------------------------------------------------------------------------------------------+
; Clock Setup: 'CLOCK'                                                                                                                                                                              ;
+-------+------------------------------------------------+--------------+---------------+------------+----------+-----------------------------+---------------------------+-------------------------+
; Slack ; Actual fmax (period)                           ; From         ; To            ; From Clock ; To Clock ; Required Setup Relationship ; Required Longest P2P Time ; Actual Longest P2P Time ;
+-------+------------------------------------------------+--------------+---------------+------------+----------+-----------------------------+---------------------------+-------------------------+
; N/A   ; Restricted to 200.00 MHz ( period = 5.000 ns ) ; 7474:inst|9  ; 7474:inst|10  ; CLOCK      ; CLOCK    ; None                        ; None                      ; 1.100 ns                ;
; N/A   ; Restricted to 200.00 MHz ( period = 5.000 ns ) ; 7474:inst|10 ; 7474:inst3|9  ; CLOCK      ; CLOCK    ; None                        ; None                      ; 1.100 ns                ;
; N/A   ; Restricted to 200.00 MHz ( period = 5.000 ns ) ; 7474:inst3|9 ; 7474:inst3|10 ; CLOCK      ; CLOCK    ; None                        ; None                      ; 1.100 ns                ;
+-------+------------------------------------------------+--------------+---------------+------------+----------+-----------------------------+---------------------------+-------------------------+


+-------------------------------------------------------------------+
; tsu                                                               ;
+-------+--------------+------------+------+-------------+----------+
; Slack ; Required tsu ; Actual tsu ; From ; To          ; To Clock ;
+-------+--------------+------------+------+-------------+----------+
; N/A   ; None         ; 1.100 ns   ; DI   ; 7474:inst|9 ; CLOCK    ;
+-------+--------------+------------+------+-------------+----------+


+---------------------------------------------------------------------+
; tco                                                                 ;
+-------+--------------+------------+---------------+----+------------+
; Slack ; Required tco ; Actual tco ; From          ; To ; From Clock ;
+-------+--------------+------------+---------------+----+------------+
; N/A   ; None         ; 10.400 ns  ; 7474:inst3|10 ; Q4 ; CLOCK      ;
; N/A   ; None         ; 10.400 ns  ; 7474:inst3|9  ; Q3 ; CLOCK      ;
; N/A   ; None         ; 10.400 ns  ; 7474:inst|10  ; Q2 ; CLOCK      ;
; N/A   ; None         ; 10.400 ns  ; 7474:inst|9   ; Q1 ; CLOCK      ;
+-------+--------------+------------+---------------+----+------------+


+-------------------------------------------------------------------------+
; th                                                                      ;
+---------------+-------------+-----------+------+-------------+----------+
; Minimum Slack ; Required th ; Actual th ; From ; To          ; To Clock ;
+---------------+-------------+-----------+------+-------------+----------+
; N/A           ; None        ; 0.800 ns  ; DI   ; 7474:inst|9 ; CLOCK    ;
+---------------+-------------+-----------+------+-------------+----------+


+--------------------------+
; Timing Analyzer Messages ;
+--------------------------+
Info: *******************************************************************
Info: Running Quartus II Timing Analyzer
    Info: Version 6.0 Build 202 06/20/2006 Service Pack 1 SJ Full Version
    Info: Processing started: Thu Oct 31 17:56:44 2024
Info: Command: quartus_tan --read_settings_files=off --write_settings_files=off ex6 -c ex6
Info: Started post-fitting delay annotation
Info: Delay annotation completed successfully
Warning: Found pins functioning as undefined clocks and/or memory enables
    Info: Assuming node "CLOCK" is an undefined clock
Info: Clock "CLOCK" Internal fmax is restricted to 200.0 MHz between source register "7474:inst|9" and destination register "7474:inst|10"
    Info: fmax restricted to Clock High delay (2.5 ns) plus Clock Low delay (2.5 ns) : restricted to 5.0 ns. Expand message to see actual delay path.
        Info: + Longest register to register delay is 1.100 ns
            Info: 1: + IC(0.000 ns) + CELL(0.000 ns) = 0.000 ns; Loc. = LC8_A23; Fanout = 2; REG Node = '7474:inst|9'
            Info: 2: + IC(0.300 ns) + CELL(0.800 ns) = 1.100 ns; Loc. = LC7_A23; Fanout = 2; REG Node = '7474:inst|10'
            Info: Total cell delay = 0.800 ns ( 72.73 % )
            Info: Total interconnect delay = 0.300 ns ( 27.27 % )
        Info: - Smallest clock skew is 0.000 ns
            Info: + Shortest clock path from clock "CLOCK" to destination register is 2.400 ns
                Info: 1: + IC(0.000 ns) + CELL(2.000 ns) = 2.000 ns; Loc. = PIN_55; Fanout = 4; CLK Node = 'CLOCK'
                Info: 2: + IC(0.400 ns) + CELL(0.000 ns) = 2.400 ns; Loc. = LC7_A23; Fanout = 2; REG Node = '7474:inst|10'
                Info: Total cell delay = 2.000 ns ( 83.33 % )
                Info: Total interconnect delay = 0.400 ns ( 16.67 % )
            Info: - Longest clock path from clock "CLOCK" to source register is 2.400 ns
                Info: 1: + IC(0.000 ns) + CELL(2.000 ns) = 2.000 ns; Loc. = PIN_55; Fanout = 4; CLK Node = 'CLOCK'
                Info: 2: + IC(0.400 ns) + CELL(0.000 ns) = 2.400 ns; Loc. = LC8_A23; Fanout = 2; REG Node = '7474:inst|9'
                Info: Total cell delay = 2.000 ns ( 83.33 % )
                Info: Total interconnect delay = 0.400 ns ( 16.67 % )
        Info: + Micro clock to output delay of source is 0.500 ns
        Info: + Micro setup delay of destination is 0.600 ns
Info: tsu for register "7474:inst|9" (data pin = "DI", clock pin = "CLOCK") is 1.100 ns
    Info: + Longest pin to register delay is 2.900 ns
        Info: 1: + IC(0.000 ns) + CELL(2.000 ns) = 2.000 ns; Loc. = PIN_124; Fanout = 1; PIN Node = 'DI'
        Info: 2: + IC(0.100 ns) + CELL(0.800 ns) = 2.900 ns; Loc. = LC8_A23; Fanout = 2; REG Node = '7474:inst|9'
        Info: Total cell delay = 2.800 ns ( 96.55 % )
        Info: Total interconnect delay = 0.100 ns ( 3.45 % )
    Info: + Micro setup delay of destination is 0.600 ns
    Info: - Shortest clock path from clock "CLOCK" to destination register is 2.400 ns
        Info: 1: + IC(0.000 ns) + CELL(2.000 ns) = 2.000 ns; Loc. = PIN_55; Fanout = 4; CLK Node = 'CLOCK'
        Info: 2: + IC(0.400 ns) + CELL(0.000 ns) = 2.400 ns; Loc. = LC8_A23; Fanout = 2; REG Node = '7474:inst|9'
        Info: Total cell delay = 2.000 ns ( 83.33 % )
        Info: Total interconnect delay = 0.400 ns ( 16.67 % )
Info: tco from clock "CLOCK" to destination pin "Q4" through register "7474:inst3|10" is 10.400 ns
    Info: + Longest clock path from clock "CLOCK" to source register is 2.400 ns
        Info: 1: + IC(0.000 ns) + CELL(2.000 ns) = 2.000 ns; Loc. = PIN_55; Fanout = 4; CLK Node = 'CLOCK'
        Info: 2: + IC(0.400 ns) + CELL(0.000 ns) = 2.400 ns; Loc. = LC3_A23; Fanout = 1; REG Node = '7474:inst3|10'
        Info: Total cell delay = 2.000 ns ( 83.33 % )
        Info: Total interconnect delay = 0.400 ns ( 16.67 % )
    Info: + Micro clock to output delay of source is 0.500 ns
    Info: + Longest register to pin delay is 7.500 ns
        Info: 1: + IC(0.000 ns) + CELL(0.000 ns) = 0.000 ns; Loc. = LC3_A23; Fanout = 1; REG Node = '7474:inst3|10'
        Info: 2: + IC(1.200 ns) + CELL(6.300 ns) = 7.500 ns; Loc. = PIN_9; Fanout = 0; PIN Node = 'Q4'
        Info: Total cell delay = 6.300 ns ( 84.00 % )
        Info: Total interconnect delay = 1.200 ns ( 16.00 % )
Info: th for register "7474:inst|9" (data pin = "DI", clock pin = "CLOCK") is 0.800 ns
    Info: + Longest clock path from clock "CLOCK" to destination register is 2.400 ns
        Info: 1: + IC(0.000 ns) + CELL(2.000 ns) = 2.000 ns; Loc. = PIN_55; Fanout = 4; CLK Node = 'CLOCK'
        Info: 2: + IC(0.400 ns) + CELL(0.000 ns) = 2.400 ns; Loc. = LC8_A23; Fanout = 2; REG Node = '7474:inst|9'
        Info: Total cell delay = 2.000 ns ( 83.33 % )
        Info: Total interconnect delay = 0.400 ns ( 16.67 % )
    Info: + Micro hold delay of destination is 1.300 ns
    Info: - Shortest pin to register delay is 2.900 ns
        Info: 1: + IC(0.000 ns) + CELL(2.000 ns) = 2.000 ns; Loc. = PIN_124; Fanout = 1; PIN Node = 'DI'
        Info: 2: + IC(0.100 ns) + CELL(0.800 ns) = 2.900 ns; Loc. = LC8_A23; Fanout = 2; REG Node = '7474:inst|9'
        Info: Total cell delay = 2.800 ns ( 96.55 % )
        Info: Total interconnect delay = 0.100 ns ( 3.45 % )
Info: Quartus II Timing Analyzer was successful. 0 errors, 1 warning
    Info: Processing ended: Thu Oct 31 17:56:48 2024
    Info: Elapsed time: 00:00:04


