Simulator report for ex6
Thu Oct 31 17:58:05 2024
Version 6.0 Build 202 06/20/2006 Service Pack 1 SJ Full Version


---------------------
; Table of Contents ;
---------------------
  1. Legal Notice
  2. Simulator Summary
  3. Simulator Settings
  4. Simulation Waveforms
  5. Coverage Summary
  6. Complete 1/0-Value Coverage
  7. Missing 1-Value Coverage
  8. Missing 0-Value Coverage
  9. Simulator INI Usage
 10. Simulator Messages



----------------
; Legal Notice ;
----------------
Copyright (C) 1991-2006 Altera Corporation
Your use of Altera Corporation's design tools, logic functions 
and other software and tools, and its AMPP partner logic 
functions, and any output files any of the foregoing 
(including device programming or simulation files), and any 
associated documentation or information are expressly subject 
to the terms and conditions of the Altera Program License 
Subscription Agreement, Altera MegaCore Function License 
Agreement, or other applicable license agreement, including, 
without limitation, that your use is for the sole purpose of 
programming logic devices manufactured by Altera and sold by 
Altera or its authorized distributors.  Please refer to the 
applicable agreement for further details.



+--------------------------------------------+
; Simulator Summary                          ;
+-----------------------------+--------------+
; Type                        ; Value        ;
+-----------------------------+--------------+
; Simulation Start Time       ; 0 ps         ;
; Simulation End Time         ; 1.0 us       ;
; Simulation Netlist Size     ; 11 nodes     ;
; Simulation Coverage         ;      90.91 % ;
; Total Number of Transitions ; 139          ;
; Simulation Breakpoints      ; 0            ;
; Family                      ; ACEX1K       ;
+-----------------------------+--------------+


+-------------------------------------------------------------------------------------------------------------------------+
; Simulator Settings                                                                                                      ;
+--------------------------------------------------------------------------------------------+------------+---------------+
; Option                                                                                     ; Setting    ; Default Value ;
+--------------------------------------------------------------------------------------------+------------+---------------+
; Simulation mode                                                                            ; Functional ; Timing        ;
; Start time                                                                                 ; 0 ns       ; 0 ns          ;
; Add pins automatically to simulation output waveforms                                      ; On         ; On            ;
; Check outputs                                                                              ; Off        ; Off           ;
; Report simulation coverage                                                                 ; On         ; On            ;
; Display complete 1/0 value coverage report                                                 ; On         ; On            ;
; Display missing 1-value coverage report                                                    ; On         ; On            ;
; Display missing 0-value coverage report                                                    ; On         ; On            ;
; Detect setup and hold time violations                                                      ; Off        ; Off           ;
; Detect glitches                                                                            ; Off        ; Off           ;
; Disable timing delays in Timing Simulation                                                 ; Off        ; Off           ;
; Generate Signal Activity File                                                              ; Off        ; Off           ;
; Group bus channels in simulation results                                                   ; Off        ; Off           ;
; Preserve fewer signal transitions to reduce memory requirements                            ; On         ; On            ;
; Trigger vector comparison with the specified mode                                          ; INPUT_EDGE ; INPUT_EDGE    ;
; Disable setup and hold time violations detection in input registers of bi-directional pins ; Off        ; Off           ;
; Overwrite Waveform Inputs With Simulation Outputs                                          ; On         ;               ;
; Glitch Filtering                                                                           ; Off        ; Off           ;
+--------------------------------------------------------------------------------------------+------------+---------------+


+----------------------+
; Simulation Waveforms ;
+----------------------+
Waveform report data cannot be output to ASCII.
Please use Quartus II to view the waveform report data.


+--------------------------------------------------------------------+
; Coverage Summary                                                   ;
+-----------------------------------------------------+--------------+
; Type                                                ; Value        ;
+-----------------------------------------------------+--------------+
; Total coverage as a percentage                      ;      90.91 % ;
; Total nodes checked                                 ; 11           ;
; Total output ports checked                          ; 11           ;
; Total output ports with complete 1/0-value coverage ; 10           ;
; Total output ports with no 1/0-value coverage       ; 1            ;
; Total output ports with no 1-value coverage         ; 1            ;
; Total output ports with no 0-value coverage         ; 1            ;
+-----------------------------------------------------+--------------+


The following table displays output ports that toggle between 1 and 0 during simulation.
+------------------------------------------------------------+
; Complete 1/0-Value Coverage                                ;
+--------------------+--------------------+------------------+
; Node Name          ; Output Port Name   ; Output Port Type ;
+--------------------+--------------------+------------------+
; |ex6|Q1            ; |ex6|Q1            ; pin_out          ;
; |ex6|CLOCK         ; |ex6|CLOCK         ; out              ;
; |ex6|DI            ; |ex6|DI            ; out              ;
; |ex6|Q2            ; |ex6|Q2            ; pin_out          ;
; |ex6|Q3            ; |ex6|Q3            ; pin_out          ;
; |ex6|Q4            ; |ex6|Q4            ; pin_out          ;
; |ex6|7474:inst3|9  ; |ex6|7474:inst3|9  ; out              ;
; |ex6|7474:inst3|10 ; |ex6|7474:inst3|10 ; out              ;
; |ex6|7474:inst|9   ; |ex6|7474:inst|9   ; out              ;
; |ex6|7474:inst|10  ; |ex6|7474:inst|10  ; out              ;
+--------------------+--------------------+------------------+


The following table displays output ports that do not toggle to 1 during simulation.
+-------------------------------------------------+
; Missing 1-Value Coverage                        ;
+-----------+------------------+------------------+
; Node Name ; Output Port Name ; Output Port Type ;
+-----------+------------------+------------------+
; |ex6|R    ; |ex6|R           ; out              ;
+-----------+------------------+------------------+


The following table displays output ports that do not toggle to 0 during simulation.
+-------------------------------------------------+
; Missing 0-Value Coverage                        ;
+-----------+------------------+------------------+
; Node Name ; Output Port Name ; Output Port Type ;
+-----------+------------------+------------------+
; |ex6|R    ; |ex6|R           ; out              ;
+-----------+------------------+------------------+


+---------------------+
; Simulator INI Usage ;
+--------+------------+
; Option ; Usage      ;
+--------+------------+


+--------------------+
; Simulator Messages ;
+--------------------+
Info: *******************************************************************
Info: Running Quartus II Simulator
    Info: Version 6.0 Build 202 06/20/2006 Service Pack 1 SJ Full Version
    Info: Processing started: Thu Oct 31 17:58:03 2024
Info: Command: quartus_sim --read_settings_files=on --write_settings_files=off ex6 -c ex6
Info: Overwriting simulation input file with simulation results
    Info: A backup of ex6.vwf called ex6.sim_ori.vwf is created in the db folder
Info: Option to preserve fewer signal transitions to reduce memory requirements is enabled
    Info: Simulation has been partitioned into sub-simulations according to the maximum transition count determined by the engine. Transitions from memory will be flushed out to disk at the end of each sub-simulation to reduce memory requirements.
Info: Simulation partitioned into 1 sub-simulations
Info: Simulation coverage is      90.91 %
Info: Number of transitions in simulation is 139
Info: Vector file ex6.vwf is saved in VWF text format. You can compress it into CVWF format in order to reduce file size. For more details please refer to the Quartus II Help.
Info: Quartus II Simulator was successful. 0 errors, 0 warnings
    Info: Processing ended: Thu Oct 31 17:58:05 2024
    Info: Elapsed time: 00:00:03


